<?xml version="1.0" encoding="UTF-8"?>
<!-- Generated by org.testng.reporters.JUnitXMLReporter -->
<testsuite ignored="0" hostname="phus-MacBook-Pro.local" failures="1" tests="3" name="TutorialNinja Tests" time="12.706" errors="0" timestamp="2023-04-18T22:09:03 ICT">
  <testcase classname="com.tutorialsninja.qa.testcases.Search" name="verifySearchWithValidProduct" time="0.723"/>
  <testcase classname="com.tutorialsninja.qa.testcases.Search" name="verifySearchWithInvalidProduct" time="0.874">
    <failure type="java.lang.AssertionError" message="expected [thao] but found [There is no product that matches the search criteria.]">
      <![CDATA[java.lang.AssertionError: expected [thao] but found [There is no product that matches the search criteria.]
at com.tutorialsninja.qa.testcases.Search.verifySearchWithInvalidProduct(Search.java:54)
at java.base/java.util.ArrayList.forEach(ArrayList.java:1541)
at com.sun.proxy.$Proxy2.stop(Unknown Source)
... Removed 50 stack frames]]>
    </failure>
  </testcase> <!-- verifySearchWithInvalidProduct -->
  <testcase classname="com.tutorialsninja.qa.testcases.Search" name="verifySearchWithoutAnyProduct" time="0.0">
    <skipped/>
  </testcase> <!-- verifySearchWithoutAnyProduct -->
</testsuite> <!-- TutorialNinja Tests -->
